[15Feb2026 00:36:59.048] [main/INFO] [cpw.mods.modlauncher.Launcher/MODLAUNCHER]: ModLauncher running: args [--launchTarget, forgeserverdev, --gameDir, ., --fml.fmlVersion, 4.0.42, --fml.mcVersion, 1.21.1, --fml.neoForgeVersion, 21.1.219, --fml.neoFormVersion, 20240808.144430, --nogui]
[15Feb2026 00:36:59.050] [main/INFO] [cpw.mods.modlauncher.Launcher/MODLAUNCHER]: JVM identified as Eclipse Adoptium OpenJDK 64-Bit Server VM 21.0.8+9-LTS
[15Feb2026 00:36:59.051] [main/INFO] [cpw.mods.modlauncher.Launcher/MODLAUNCHER]: ModLauncher 11.0.5+main.901c6ea8 starting: java version 21.0.8 by Eclipse Adoptium; OS Windows 11 arch amd64 version 10.0
[15Feb2026 00:36:59.167] [main/INFO] [net.neoforged.fml.loading.ImmediateWindowHandler/]: ImmediateWindowProvider not loading because launch target is forgeserverdev
[15Feb2026 00:36:59.299] [main/INFO] [mixin/]: SpongePowered MIXIN Subsystem Version=0.8.7 Source=union:/C:/Users/dav33/.gradle/caches/modules-2/files-2.1/net.fabricmc/sponge-mixin/0.15.2+mixin.0.8.7/2af2f021d8e02a0220dc27a7a72b4666d66d44ca/sponge-mixin-0.15.2+mixin.0.8.7.jar%2394!/ Service=ModLauncher Env=SERVER
[15Feb2026 00:36:59.792] [main/INFO] [net.neoforged.fml.loading.moddiscovery.locators.JarInJarDependencyLocator/]: Found 5 dependencies adding them to mods collection
[15Feb2026 00:36:59.793] [main/INFO] [net.neoforged.fml.loading.moddiscovery.ModDiscoverer/]: 
     Mod List:
		Name Version (Mod Id)

		AeterumUtils 1.0-SNAPSHOT (aeterumutils)
		Create 6.0.9 (create)
		Create: Numismatics 1.0.19+neoforge-mc1.21.1 (numismatics)
		Flywheel 1.0.6 (flywheel)
		Minecraft 1.21.1 (minecraft)
		NeoForge 21.1.219 (neoforge)
		Ponder 1.0.81+mc1.21.1 (ponder)
[15Feb2026 00:37:00.650] [main/INFO] [mixin/]: Compatibility level set to JAVA_17
[15Feb2026 00:37:00.653] [main/INFO] [mixin/]: Compatibility level set to JAVA_21
[15Feb2026 00:37:00.669] [main/INFO] [cpw.mods.modlauncher.LaunchServiceHandler/MODLAUNCHER]: Launching target 'forgeserverdev' with arguments [--gameDir, ., --nogui]
[15Feb2026 00:37:00.824] [main/WARN] [mixin/]: Reference map 'ponder.refmap.json' for ponder-common.mixins.json could not be read. If this is a development environment you can ignore this message
[15Feb2026 00:37:01.221] [main/WARN] [mixin/]: Error loading class: org/jetbrains/annotations/ApiStatus$ScheduledForRemoval (java.lang.ClassNotFoundException: org.jetbrains.annotations.ApiStatus$ScheduledForRemoval)
[15Feb2026 00:37:01.618] [main/INFO] [MixinExtras|Service/]: Initializing MixinExtras via com.llamalad7.mixinextras.service.MixinExtrasServiceImpl(version=0.5.0).
[15Feb2026 00:37:08.406] [main/WARN] [net.minecraft.commands.Commands/]: Ambiguity between arguments [teleport, location] and [teleport, destination] with inputs: [0.1 -0.5 .9, 0 0 0]
[15Feb2026 00:37:08.407] [main/WARN] [net.minecraft.commands.Commands/]: Ambiguity between arguments [teleport, location] and [teleport, targets] with inputs: [0.1 -0.5 .9, 0 0 0]
[15Feb2026 00:37:08.409] [main/WARN] [net.minecraft.commands.Commands/]: Ambiguity between arguments [teleport, destination] and [teleport, targets] with inputs: [Player, 0123, @e, dd12be42-52a9-4a91-a8a1-11c01849e498]
[15Feb2026 00:37:08.410] [main/WARN] [net.minecraft.commands.Commands/]: Ambiguity between arguments [teleport, targets] and [teleport, destination] with inputs: [Player, 0123, dd12be42-52a9-4a91-a8a1-11c01849e498]
[15Feb2026 00:37:08.411] [main/WARN] [net.minecraft.commands.Commands/]: Ambiguity between arguments [teleport, targets, location] and [teleport, targets, destination] with inputs: [0.1 -0.5 .9, 0 0 0]
[15Feb2026 00:37:08.507] [modloading-worker-0/INFO] [Create: Numismatics/]: Create: Numismatics 1.0.19+neoforge-mc1.21.1 initializing! Create version: 6.0.9 on platform: NEOFORGE
[15Feb2026 00:37:08.520] [modloading-worker-0/INFO] [Create: Numismatics/]: Registering creative tabs for Create: Numismatics
[15Feb2026 00:37:08.520] [modloading-worker-0/INFO] [net.neoforged.neoforge.common.NeoForgeMod/NEOFORGE-MOD]: NeoForge mod loading, version 21.1.219, for MC 1.21.1
[15Feb2026 00:37:08.536] [modloading-worker-0/INFO] [com.simibubi.create.Create/]: Create 6.0.9 initializing! Commit hash: e2de2b9a02406ec33ff6d8851ed6f0b56240b6ec
[15Feb2026 00:37:08.557] [modloading-worker-0/INFO] [Create: Numismatics/]: Registering items for Create: Numismatics
[15Feb2026 00:37:08.628] [modloading-worker-0/INFO] [Create: Numismatics/]: Registering block entities for Create: Numismatics
[15Feb2026 00:37:08.628] [modloading-worker-0/INFO] [Create: Numismatics/]: Registering blocks for Create: Numismatics
[15Feb2026 00:37:08.634] [modloading-worker-0/INFO] [Create: Numismatics/]: Registering menu types for Create: Numismatics
[15Feb2026 00:37:08.636] [modloading-worker-0/INFO] [Create: Numismatics/]: Registering block tags for Create: Numismatics
[15Feb2026 00:37:08.636] [modloading-worker-0/INFO] [Create: Numismatics/]: Registering item tags for Create: Numismatics
[15Feb2026 00:37:08.638] [modloading-worker-0/INFO] [Create: Numismatics/]: Registering data components for Create: Numismatics
[15Feb2026 00:37:10.788] [main/INFO] [com.mojang.authlib.yggdrasil.YggdrasilAuthenticationService/]: Environment: Environment[sessionHost=https://sessionserver.mojang.com, servicesHost=https://api.minecraftservices.com, name=PROD]
[15Feb2026 00:37:10.948] [main/WARN] [net.minecraft.server.packs.VanillaPackResourcesBuilder/]: Assets URL 'union:/D:/Coding/IntelliJ/AeterumUtils/build/moddev/artifacts/neoforge-21.1.219.jar%23127!/assets/.mcassetsroot' uses unexpected schema
[15Feb2026 00:37:10.948] [main/WARN] [net.minecraft.server.packs.VanillaPackResourcesBuilder/]: Assets URL 'union:/D:/Coding/IntelliJ/AeterumUtils/build/moddev/artifacts/neoforge-21.1.219.jar%23127!/data/.mcassetsroot' uses unexpected schema
[15Feb2026 00:37:10.997] [main/INFO] [com.simibubi.create.Create/]: Created 157 recipes which will be injected into the game
[15Feb2026 00:37:11.005] [main/INFO] [com.simibubi.create.Create/]: Created 0 tags which will be injected into the game
[15Feb2026 00:37:12.263] [main/INFO] [net.minecraft.world.item.crafting.RecipeManager/]: Loaded 2820 recipes
[15Feb2026 00:37:12.481] [main/INFO] [net.minecraft.advancements.AdvancementTree/]: Loaded 2515 advancements
[15Feb2026 00:37:13.295] [Server thread/INFO] [net.minecraft.server.dedicated.DedicatedServer/]: Starting minecraft server version 1.21.1
[15Feb2026 00:37:13.295] [Server thread/INFO] [net.minecraft.server.dedicated.DedicatedServer/]: Loading properties
[15Feb2026 00:37:13.295] [Server thread/INFO] [net.minecraft.server.dedicated.DedicatedServer/]: Default game type: SURVIVAL
[15Feb2026 00:37:13.295] [Server thread/INFO] [net.minecraft.server.MinecraftServer/]: Generating keypair
[15Feb2026 00:37:13.345] [Server thread/INFO] [net.minecraft.server.dedicated.DedicatedServer/]: Starting Minecraft server on *:25565
[15Feb2026 00:37:13.412] [Server thread/INFO] [net.minecraft.server.network.ServerConnectionListener/]: Using default channel type
[15Feb2026 00:37:13.441] [Server thread/WARN] [net.minecraft.server.dedicated.DedicatedServer/]: **** SERVER IS RUNNING IN OFFLINE/INSECURE MODE!
[15Feb2026 00:37:13.441] [Server thread/WARN] [net.minecraft.server.dedicated.DedicatedServer/]: The server will make no attempt to authenticate usernames. Beware.
[15Feb2026 00:37:13.441] [Server thread/WARN] [net.minecraft.server.dedicated.DedicatedServer/]: While this makes the game possible to play without internet access, it also opens up the ability for hackers to connect with any username they choose.
[15Feb2026 00:37:13.441] [Server thread/WARN] [net.minecraft.server.dedicated.DedicatedServer/]: To change this, set "online-mode" to "true" in the server.properties file.
[15Feb2026 00:37:13.496] [Server thread/INFO] [net.minecraft.server.dedicated.DedicatedServer/]: Preparing level "world"
[15Feb2026 00:37:14.149] [Server thread/INFO] [net.minecraft.server.MinecraftServer/]: Preparing start region for dimension minecraft:overworld
[15Feb2026 00:37:14.530] [worldgen/INFO] [net.minecraft.server.level.progress.LoggerChunkProgressListener/]: Preparing spawn area: 0%
[15Feb2026 00:37:14.823] [Server thread/INFO] [net.minecraft.server.level.progress.LoggerChunkProgressListener/]: Time elapsed: 675 ms
[15Feb2026 00:37:14.824] [Server thread/INFO] [net.minecraft.server.dedicated.DedicatedServer/]: Done (1.374s)! For help, type "help"
[15Feb2026 00:37:14.853] [Server thread/INFO] [net.neoforged.neoforge.gametest.GameTestHooks/]: Enabled Gametest Namespaces: [aeterumutils]
[15Feb2026 00:37:14.875] [Server thread/INFO] [net.neoforged.neoforge.server.permission.PermissionAPI/]: Successfully initialized permission handler neoforge:default_handler
[15Feb2026 00:37:21.518] [Server thread/INFO] [net.minecraft.server.players.PlayerList/]: Figgnus[/[2a02:768:4f18:35ca:4813:863b:89cf:7560]:63049] logged in with entity id 111 at (6.2583100623742105, 118.0, -95.41454235693556)
[15Feb2026 00:37:21.609] [Server thread/INFO] [net.minecraft.server.MinecraftServer/]: Figgnus joined the game
[15Feb2026 00:37:21.961] [Server thread/WARN] [net.minecraft.world.level.entity.PersistentEntitySectionManager/]: UUID of added entity already exists: Bee['Bee'/117, l='ServerLevel[world]', x=-10.94, y=116.74, z=-125.52]
[15Feb2026 00:37:21.961] [Server thread/WARN] [net.minecraft.world.level.entity.PersistentEntitySectionManager/]: UUID of added entity already exists: Creeper['Creeper'/120, l='ServerLevel[world]', x=-1.85, y=64.00, z=-98.39]
[15Feb2026 00:37:21.961] [Server thread/WARN] [net.minecraft.world.level.entity.PersistentEntitySectionManager/]: UUID of added entity already exists: Skeleton['Skeleton'/121, l='ServerLevel[world]', x=-34.49, y=91.00, z=-63.73]
[15Feb2026 00:37:22.305] [Server thread/WARN] [net.minecraft.world.level.entity.PersistentEntitySectionManager/]: UUID of added entity already exists: Squid['Squid'/174, l='ServerLevel[world]', x=84.78, y=54.07, z=-21.92]
[15Feb2026 00:41:40.527] [Server thread/WARN] [net.neoforged.fml.config.ConfigTracker/]: Opening a config that was already loaded with value LoadedConfig[config=SynchronizedConfig{DataHolder:{afk=SynchronizedConfig{DataHolder:{timeoutSeconds=20, warningWindowSeconds=10, numismaticsRequiredSpurs=50, afkUpkeepSpurs=50, afkUpkeepIntervalSeconds=5}}, messages=SynchronizedConfig{DataHolder:{afkOn=You are now AFK. You will not be kicked for inactivity., afkOff=AFK disabled., afkOffMoved=AFK disabled because you moved., kicked=Kicked for being AFK too long. Use /afk if you need to stay connected., playersOnly=Only players can use /afk., kickCountdown=AFK kick in {seconds} seconds., notEnoughBalance=You need at least {required} spur to use /afk. Your balance: {balance} spur., balanceUnavailable=Cannot verify your Create: Numismatics balance right now. Required: {required} spur., afkCanceledNotEnoughBalance=AFK protection canceled. You need {required} spur for upkeep, but your balance is {balance} spur., afkCanceledBalanceUnavailable=AFK protection canceled because balance verification failed. Required upkeep: {required} spur., afkUpkeepCharged=AFK upkeep charged: {amount} spur. New balance: {balance} spur.}}}}, path=D:\Coding\IntelliJ\AeterumUtils\run\config\aeterumutils\afk-server.toml, modConfig=net.neoforged.fml.config.ModConfig@22c5031f] at path aeterumutils/afk-server.toml
[15Feb2026 00:41:40.531] [Server thread/WARN] [net.neoforged.fml.config.ConfigTracker/]: Opening a config that was already loaded with value LoadedConfig[config=SynchronizedConfig{DataHolder:{removeErroringBlockEntities=false, removeErroringEntities=false, fullBoundingBoxLadders=false, permissionHandler=neoforge:default_handler, advertiseDedicatedServerToLan=true}}, path=D:\Coding\IntelliJ\AeterumUtils\run\config\neoforge-server.toml, modConfig=net.neoforged.fml.config.ModConfig@87300ab] at path neoforge-server.toml
[15Feb2026 00:41:40.534] [Server thread/WARN] [net.neoforged.fml.config.ConfigTracker/]: Opening a config that was already loaded with value LoadedConfig[config=SynchronizedConfig{DataHolder:{infrastructure=SynchronizedConfig{DataHolder:{tickrateSyncTimer=20}}, recipes=SynchronizedConfig{DataHolder:{bulkPressing=false, bulkCutting=false, allowBrewingInMixer=true, allowShapelessInMixer=true, allowShapedSquareInPress=true, allowRegularCraftingInCrafter=true, maxFireworkIngredientsInCrafter=9, allowStonecuttingOnSaw=true, allowCastingBySpout=true, displayLogStrippingRecipes=true, lightSourceCountForRefinedRadiance=10, enableRefinedRadianceRecipe=true, enableShadowSteelRecipe=true}}, kinetics=SynchronizedConfig{DataHolder:{disableStress=false, maxBeltLength=20, maxChainConveyorLength=32, maxChainConveyorConnections=4, crushingDamage=4, maxRotationSpeed=256, ignoreDeployerAttacks=CREEPERS, kineticValidationFrequency=60, crankHungerMultiplier=0.009999999776482582, minimumWindmillSails=8, windmillSailsPerRPM=8, maxEjectorDistance=32, ejectorScanInterval=120, encasedFan=SynchronizedConfig{DataHolder:{fanPushDistance=20, fanPullDistance=20, fanBlockCheckRate=30, fanRotationArgmax=256, fanProcessingTime=150}}, contraptions=SynchronizedConfig{DataHolder:{maxBlocksMoved=2048, maxChassisRange=16, maxPistonPoles=64, maxRopeLength=384, maxCartCouplingLength=32, rollerFillDepth=12, survivalContraptionPickup=true, movableSpawners=NO_PICKUP, amethystMovement=NO_PICKUP, movableObsidian=UNMOVABLE, movableReinforcedDeepslate=UNMOVABLE, moveItemsToStorage=true, harvestPartiallyGrown=false, harvesterReplants=true, minecartContraptionInContainers=false, stabiliseStableContraptions=false, syncPlayerPickupHitboxWithContraptionHitbox=false, noDropWhenContraptionReplaceBlocks=false}}, stats=SynchronizedConfig{DataHolder:{mediumSpeed=30.0, fastSpeed=100.0, mediumStressImpact=4.0, highStressImpact=8.0, mediumCapacity=256.0, highCapacity=1024.0}}, stressValues=SynchronizedConfig{DataHolder:{v2=SynchronizedConfig{DataHolder:{impact=SynchronizedConfig{DataHolder:{brass_encased_shaft=0.0, turntable=4.0, clutch=0.0, mechanical_mixer=4.0, gearbox=0.0, mechanical_bearing=4.0, copper_backtank=4.0, hose_pulley=4.0, display_board=0.0, crushing_wheel=8.0, adjustable_chain_gearshift=0.0, millstone=4.0, rotation_speed_controller=0.0, sticky_mechanical_piston=4.0, mechanical_crafter=2.0, deployer=4.0, elevator_pulley=4.0, stressometer=0.0, cogwheel=0.0, encased_chain_drive=0.0, belt=0.0, brass_encased_large_cogwheel=0.0, weighted_ejector=2.0, chain_conveyor=1.0, mechanical_saw=4.0, flywheel=0.0, mechanical_piston=4.0, speedometer=0.0, brass_encased_cogwheel=0.0, clockwork_bearing=4.0, mechanical_press=8.0, mechanical_drill=4.0, andesite_encased_shaft=0.0, netherite_backtank=4.0, mechanical_arm=2.0, sequenced_gearshift=0.0, andesite_encased_large_cogwheel=0.0, shaft=0.0, cuckoo_clock=1.0, gearshift=0.0, rope_pulley=4.0, andesite_encased_cogwheel=0.0, large_cogwheel=0.0, encased_fan=2.0, mysterious_cuckoo_clock=1.0, gantry_shaft=0.0, mechanical_pump=4.0}}, capacity=SynchronizedConfig{DataHolder:{steam_engine=1024.0, water_wheel=32.0, copper_valve_handle=8.0, hand_crank=8.0, creative_motor=16384.0, large_water_wheel=128.0, windmill_bearing=512.0}}}}}}}}, fluids=SynchronizedConfig{DataHolder:{fluidTankCapacity=8, fluidTankMaxHeight=32, mechanicalPumpRange=16, hosePulleyRange=128, hosePulleyBlockThreshold=10000, fillInfinite=false, bottomlessFluidMode=ALLOW_BY_TAG, fluidFillPlaceFluidSourceBlocks=true, pipesPlaceFluidSourceBlocks=true}}, logistics=SynchronizedConfig{DataHolder:{defaultExtractionTimer=8, psiTimeout=60, mechanicalArmRange=5, packagePortRange=5, linkRange=256, displayLinkRange=64, vaultCapacity=20, chainConveyorCapacity=20, brassTunnelTimer=10, factoryGaugeTimer=100, seatHostileMobs=true}}, schematics=SynchronizedConfig{DataHolder:{creativePrintIncludesAir=false, maxSchematics=10, maxTotalSchematicSize=256, maxSchematicPacketSize=1024, schematicIdleTimeout=600, schematicannon=SynchronizedConfig{DataHolder:{schematicannonDelay=10, schematicannonShotsPerGunpowder=400}}}}, equipment=SynchronizedConfig{DataHolder:{maxSymmetryWandRange=50, placementAssistRange=12, toolboxRange=10, airInBacktank=900, enchantedBacktankCapacity=300, maxExtendoGripActions=1000, maxPotatoCannonShots=200}}, trains=SynchronizedConfig{DataHolder:{trainsCauseDamage=true, maxTrackPlacementLength=32, maxAssemblyLength=128, maxBogeyCount=20, manualTrainSpeedModifier=0.75, trainStats=SynchronizedConfig{DataHolder:{trainTopSpeed=28.0, trainTurningTopSpeed=14.0, trainAcceleration=3.0}}, poweredTrainStats=SynchronizedConfig{DataHolder:{poweredTrainTopSpeed=40.0, poweredTrainTurningTopSpeed=20.0, poweredTrainAcceleration=3.0}}}}}}, path=D:\Coding\IntelliJ\AeterumUtils\run\config\create-server.toml, modConfig=net.neoforged.fml.config.ModConfig@29b37b17] at path create-server.toml
[15Feb2026 00:41:40.540] [Server thread/INFO] [net.minecraft.server.MinecraftServer/]: [Figgnus: AeterumUtils server config reloaded.]
[15Feb2026 00:44:48.883] [Server thread/INFO] [net.minecraft.server.network.ServerGamePacketListenerImpl/]: Figgnus lost connection: Kicked for being AFK too long. Use /afk if you need to stay connected.
[15Feb2026 00:44:48.884] [Server thread/INFO] [net.minecraft.server.MinecraftServer/]: Figgnus left the game
[15Feb2026 00:44:57.011] [Server thread/INFO] [net.minecraft.server.players.PlayerList/]: Figgnus[/[2a02:768:4f18:35ca:4813:863b:89cf:7560]:54569] logged in with entity id 1214 at (5.5, 118.0, -98.5)
[15Feb2026 00:44:57.072] [Server thread/INFO] [net.minecraft.server.MinecraftServer/]: Figgnus joined the game
[15Feb2026 00:45:26.881] [Server thread/INFO] [net.minecraft.server.network.ServerGamePacketListenerImpl/]: Figgnus lost connection: Kicked for being AFK too long. Use /afk if you need to stay connected.
[15Feb2026 00:45:26.882] [Server thread/INFO] [net.minecraft.server.MinecraftServer/]: Figgnus left the game
[15Feb2026 00:45:35.551] [Server thread/INFO] [net.minecraft.server.players.PlayerList/]: Figgnus[/[2a02:768:4f18:35ca:4813:863b:89cf:7560]:64990] logged in with entity id 1425 at (4.431505820361377, 118.0, -98.25904156147628)
[15Feb2026 00:45:35.562] [Server thread/INFO] [net.minecraft.server.MinecraftServer/]: Figgnus joined the game
[15Feb2026 00:47:16.081] [Server thread/INFO] [net.minecraft.server.network.ServerGamePacketListenerImpl/]: Figgnus lost connection: Disconnected
[15Feb2026 00:47:16.082] [Server thread/INFO] [net.minecraft.server.MinecraftServer/]: Figgnus left the game
